  Building Custom Rule C:/Users/c3002856/source/repos/CSC8503 2023 2/CSC8503 2023/NCLCoreClasses/CMakeLists.txt
  cmake_pch.cxx
  Assets.cpp
  SimpleFont.cpp
C:\Users\c3002856\source\repos\CSC8503 2023 2\CSC8503 2023\NCLCoreClasses\Vector3.h(37,12): warning C4834: discarding return value of function with 'nodiscard' attribute
C:\Users\c3002856\source\repos\CSC8503 2023 2\CSC8503 2023\NCLCoreClasses\Vector3.h(38,12): warning C4834: discarding return value of function with 'nodiscard' attribute
C:\Users\c3002856\source\repos\CSC8503 2023 2\CSC8503 2023\NCLCoreClasses\Vector3.h(39,12): warning C4834: discarding return value of function with 'nodiscard' attribute
  TextureLoader.cpp
  TextureWriter.cpp
  Maths.cpp
C:\Users\c3002856\source\repos\CSC8503 2023 2\CSC8503 2023\NCLCoreClasses\Vector3.h(37,12): warning C4834: discarding return value of function with 'nodiscard' attribute
C:\Users\c3002856\source\repos\CSC8503 2023 2\CSC8503 2023\NCLCoreClasses\Vector3.h(38,12): warning C4834: discarding return value of function with 'nodiscard' attribute
C:\Users\c3002856\source\repos\CSC8503 2023 2\CSC8503 2023\NCLCoreClasses\Vector3.h(39,12): warning C4834: discarding return value of function with 'nodiscard' attribute
  Matrix2.cpp
  Matrix3.cpp
C:\Users\c3002856\source\repos\CSC8503 2023 2\CSC8503 2023\NCLCoreClasses\Vector3.h(37,12): warning C4834: discarding return value of function with 'nodiscard' attribute
C:\Users\c3002856\source\repos\CSC8503 2023 2\CSC8503 2023\NCLCoreClasses\Vector3.h(38,12): warning C4834: discarding return value of function with 'nodiscard' attribute
C:\Users\c3002856\source\repos\CSC8503 2023 2\CSC8503 2023\NCLCoreClasses\Vector3.h(39,12): warning C4834: discarding return value of function with 'nodiscard' attribute
  Matrix4.cpp
C:\Users\c3002856\source\repos\CSC8503 2023 2\CSC8503 2023\NCLCoreClasses\Vector3.h(37,12): warning C4834: discarding return value of function with 'nodiscard' attribute
C:\Users\c3002856\source\repos\CSC8503 2023 2\CSC8503 2023\NCLCoreClasses\Vector3.h(38,12): warning C4834: discarding return value of function with 'nodiscard' attribute
C:\Users\c3002856\source\repos\CSC8503 2023 2\CSC8503 2023\NCLCoreClasses\Vector3.h(39,12): warning C4834: discarding return value of function with 'nodiscard' attribute
  Plane.cpp
C:\Users\c3002856\source\repos\CSC8503 2023 2\CSC8503 2023\NCLCoreClasses\Vector3.h(37,12): warning C4834: discarding return value of function with 'nodiscard' attribute
C:\Users\c3002856\source\repos\CSC8503 2023 2\CSC8503 2023\NCLCoreClasses\Vector3.h(38,12): warning C4834: discarding return value of function with 'nodiscard' attribute
C:\Users\c3002856\source\repos\CSC8503 2023 2\CSC8503 2023\NCLCoreClasses\Vector3.h(39,12): warning C4834: discarding return value of function with 'nodiscard' attribute
  Frustum.cpp
C:\Users\c3002856\source\repos\CSC8503 2023 2\CSC8503 2023\NCLCoreClasses\Vector3.h(37,12): warning C4834: discarding return value of function with 'nodiscard' attribute
C:\Users\c3002856\source\repos\CSC8503 2023 2\CSC8503 2023\NCLCoreClasses\Vector3.h(38,12): warning C4834: discarding return value of function with 'nodiscard' attribute
C:\Users\c3002856\source\repos\CSC8503 2023 2\CSC8503 2023\NCLCoreClasses\Vector3.h(39,12): warning C4834: discarding return value of function with 'nodiscard' attribute
  Quaternion.cpp
C:\Users\c3002856\source\repos\CSC8503 2023 2\CSC8503 2023\NCLCoreClasses\Vector3.h(37,12): warning C4834: discarding return value of function with 'nodiscard' attribute
C:\Users\c3002856\source\repos\CSC8503 2023 2\CSC8503 2023\NCLCoreClasses\Vector3.h(38,12): warning C4834: discarding return value of function with 'nodiscard' attribute
C:\Users\c3002856\source\repos\CSC8503 2023 2\CSC8503 2023\NCLCoreClasses\Vector3.h(39,12): warning C4834: discarding return value of function with 'nodiscard' attribute
  Vector2.cpp
C:\Users\c3002856\source\repos\CSC8503 2023 2\CSC8503 2023\NCLCoreClasses\Vector3.h(37,12): warning C4834: discarding return value of function with 'nodiscard' attribute
C:\Users\c3002856\source\repos\CSC8503 2023 2\CSC8503 2023\NCLCoreClasses\Vector3.h(38,12): warning C4834: discarding return value of function with 'nodiscard' attribute
C:\Users\c3002856\source\repos\CSC8503 2023 2\CSC8503 2023\NCLCoreClasses\Vector3.h(39,12): warning C4834: discarding return value of function with 'nodiscard' attribute
  Vector3.cpp
C:\Users\c3002856\source\repos\CSC8503 2023 2\CSC8503 2023\NCLCoreClasses\Vector3.h(37,12): warning C4834: discarding return value of function with 'nodiscard' attribute
C:\Users\c3002856\source\repos\CSC8503 2023 2\CSC8503 2023\NCLCoreClasses\Vector3.h(38,12): warning C4834: discarding return value of function with 'nodiscard' attribute
C:\Users\c3002856\source\repos\CSC8503 2023 2\CSC8503 2023\NCLCoreClasses\Vector3.h(39,12): warning C4834: discarding return value of function with 'nodiscard' attribute
  Vector4.cpp
C:\Users\c3002856\source\repos\CSC8503 2023 2\CSC8503 2023\NCLCoreClasses\Vector3.h(37,12): warning C4834: discarding return value of function with 'nodiscard' attribute
C:\Users\c3002856\source\repos\CSC8503 2023 2\CSC8503 2023\NCLCoreClasses\Vector3.h(38,12): warning C4834: discarding return value of function with 'nodiscard' attribute
C:\Users\c3002856\source\repos\CSC8503 2023 2\CSC8503 2023\NCLCoreClasses\Vector3.h(39,12): warning C4834: discarding return value of function with 'nodiscard' attribute
  Vector2i.cpp
  Vector3I.cpp
  Vector4I.cpp
  MeshAnimation.cpp
  Mesh.cpp
C:\Users\c3002856\source\repos\CSC8503 2023 2\CSC8503 2023\NCLCoreClasses\Vector3.h(37,12): warning C4834: discarding return value of function with 'nodiscard' attribute
C:\Users\c3002856\source\repos\CSC8503 2023 2\CSC8503 2023\NCLCoreClasses\Vector3.h(38,12): warning C4834: discarding return value of function with 'nodiscard' attribute
C:\Users\c3002856\source\repos\CSC8503 2023 2\CSC8503 2023\NCLCoreClasses\Vector3.h(39,12): warning C4834: discarding return value of function with 'nodiscard' attribute
  MshLoader.cpp
C:\Users\c3002856\source\repos\CSC8503 2023 2\CSC8503 2023\NCLCoreClasses\Vector3.h(37,12): warning C4834: discarding return value of function with 'nodiscard' attribute
C:\Users\c3002856\source\repos\CSC8503 2023 2\CSC8503 2023\NCLCoreClasses\Vector3.h(38,12): warning C4834: discarding return value of function with 'nodiscard' attribute
C:\Users\c3002856\source\repos\CSC8503 2023 2\CSC8503 2023\NCLCoreClasses\Vector3.h(39,12): warning C4834: discarding return value of function with 'nodiscard' attribute
  Generating Code...
  Compiling...
  MeshMaterial.cpp
  RendererBase.cpp
  Shader.cpp
  Texture.cpp
  Camera.cpp
C:\Users\c3002856\source\repos\CSC8503 2023 2\CSC8503 2023\NCLCoreClasses\Vector3.h(37,12): warning C4834: discarding return value of function with 'nodiscard' attribute
C:\Users\c3002856\source\repos\CSC8503 2023 2\CSC8503 2023\NCLCoreClasses\Vector3.h(38,12): warning C4834: discarding return value of function with 'nodiscard' attribute
C:\Users\c3002856\source\repos\CSC8503 2023 2\CSC8503 2023\NCLCoreClasses\Vector3.h(39,12): warning C4834: discarding return value of function with 'nodiscard' attribute
  GameTimer.cpp
  Keyboard.cpp
  Mouse.cpp
  Window.cpp
  Controller.cpp
  KeyboardMouseController.cpp
  Win32Keyboard.cpp
  Win32Mouse.cpp
  Win32Window.cpp
  Generating Code...
  NCLCoreClasses.vcxproj -> C:\Users\c3002856\source\repos\CSC8503 2023 2\CSC8503 2023\NCLCoreClasses\Debug\NCLCoreClasses.lib
