c:\users\ishan\source\repos\csc8503 2023\nclcoreclasses\nclcoreclasses.dir\debug\cmake_pch.pch
c:\users\ishan\source\repos\csc8503 2023\nclcoreclasses\debug\nclcoreclasses.pdb
c:\users\ishan\source\repos\csc8503 2023\nclcoreclasses\nclcoreclasses.dir\debug\cmake_pch.obj
c:\users\ishan\source\repos\csc8503 2023\nclcoreclasses\nclcoreclasses.dir\debug\mshloader.obj
c:\users\ishan\source\repos\csc8503 2023\nclcoreclasses\nclcoreclasses.dir\debug\mesh.obj
c:\users\ishan\source\repos\csc8503 2023\nclcoreclasses\nclcoreclasses.dir\debug\meshanimation.obj
c:\users\ishan\source\repos\csc8503 2023\nclcoreclasses\nclcoreclasses.dir\debug\vector4i.obj
c:\users\ishan\source\repos\csc8503 2023\nclcoreclasses\nclcoreclasses.dir\debug\vector3i.obj
c:\users\ishan\source\repos\csc8503 2023\nclcoreclasses\nclcoreclasses.dir\debug\vector2i.obj
c:\users\ishan\source\repos\csc8503 2023\nclcoreclasses\nclcoreclasses.dir\debug\vector4.obj
c:\users\ishan\source\repos\csc8503 2023\nclcoreclasses\nclcoreclasses.dir\debug\vector3.obj
c:\users\ishan\source\repos\csc8503 2023\nclcoreclasses\nclcoreclasses.dir\debug\vector2.obj
c:\users\ishan\source\repos\csc8503 2023\nclcoreclasses\nclcoreclasses.dir\debug\quaternion.obj
c:\users\ishan\source\repos\csc8503 2023\nclcoreclasses\nclcoreclasses.dir\debug\frustum.obj
c:\users\ishan\source\repos\csc8503 2023\nclcoreclasses\nclcoreclasses.dir\debug\plane.obj
c:\users\ishan\source\repos\csc8503 2023\nclcoreclasses\nclcoreclasses.dir\debug\matrix4.obj
c:\users\ishan\source\repos\csc8503 2023\nclcoreclasses\nclcoreclasses.dir\debug\matrix3.obj
c:\users\ishan\source\repos\csc8503 2023\nclcoreclasses\nclcoreclasses.dir\debug\matrix2.obj
c:\users\ishan\source\repos\csc8503 2023\nclcoreclasses\nclcoreclasses.dir\debug\maths.obj
c:\users\ishan\source\repos\csc8503 2023\nclcoreclasses\nclcoreclasses.dir\debug\texturewriter.obj
c:\users\ishan\source\repos\csc8503 2023\nclcoreclasses\nclcoreclasses.dir\debug\textureloader.obj
c:\users\ishan\source\repos\csc8503 2023\nclcoreclasses\nclcoreclasses.dir\debug\simplefont.obj
c:\users\ishan\source\repos\csc8503 2023\nclcoreclasses\nclcoreclasses.dir\debug\assets.obj
c:\users\ishan\source\repos\csc8503 2023\nclcoreclasses\nclcoreclasses.dir\debug\win32window.obj
c:\users\ishan\source\repos\csc8503 2023\nclcoreclasses\nclcoreclasses.dir\debug\win32mouse.obj
c:\users\ishan\source\repos\csc8503 2023\nclcoreclasses\nclcoreclasses.dir\debug\win32keyboard.obj
c:\users\ishan\source\repos\csc8503 2023\nclcoreclasses\nclcoreclasses.dir\debug\keyboardmousecontroller.obj
c:\users\ishan\source\repos\csc8503 2023\nclcoreclasses\nclcoreclasses.dir\debug\controller.obj
c:\users\ishan\source\repos\csc8503 2023\nclcoreclasses\nclcoreclasses.dir\debug\window.obj
c:\users\ishan\source\repos\csc8503 2023\nclcoreclasses\nclcoreclasses.dir\debug\mouse.obj
c:\users\ishan\source\repos\csc8503 2023\nclcoreclasses\nclcoreclasses.dir\debug\keyboard.obj
c:\users\ishan\source\repos\csc8503 2023\nclcoreclasses\nclcoreclasses.dir\debug\gametimer.obj
c:\users\ishan\source\repos\csc8503 2023\nclcoreclasses\nclcoreclasses.dir\debug\camera.obj
c:\users\ishan\source\repos\csc8503 2023\nclcoreclasses\nclcoreclasses.dir\debug\texture.obj
c:\users\ishan\source\repos\csc8503 2023\nclcoreclasses\nclcoreclasses.dir\debug\shader.obj
c:\users\ishan\source\repos\csc8503 2023\nclcoreclasses\nclcoreclasses.dir\debug\rendererbase.obj
c:\users\ishan\source\repos\csc8503 2023\nclcoreclasses\nclcoreclasses.dir\debug\meshmaterial.obj
c:\users\ishan\source\repos\csc8503 2023\nclcoreclasses\cmakefiles\generate.stamp
c:\users\ishan\source\repos\csc8503 2023\nclcoreclasses\debug\nclcoreclasses.lib
c:\users\ishan\source\repos\csc8503 2023\nclcoreclasses\nclcoreclasses.dir\debug\nclcoreclasses.tlog\cl.command.1.tlog
c:\users\ishan\source\repos\csc8503 2023\nclcoreclasses\nclcoreclasses.dir\debug\nclcoreclasses.tlog\cl.items.tlog
c:\users\ishan\source\repos\csc8503 2023\nclcoreclasses\nclcoreclasses.dir\debug\nclcoreclasses.tlog\cl.read.1.tlog
c:\users\ishan\source\repos\csc8503 2023\nclcoreclasses\nclcoreclasses.dir\debug\nclcoreclasses.tlog\cl.write.1.tlog
c:\users\ishan\source\repos\csc8503 2023\nclcoreclasses\nclcoreclasses.dir\debug\nclcoreclasses.tlog\custombuild.command.1.tlog
c:\users\ishan\source\repos\csc8503 2023\nclcoreclasses\nclcoreclasses.dir\debug\nclcoreclasses.tlog\custombuild.read.1.tlog
c:\users\ishan\source\repos\csc8503 2023\nclcoreclasses\nclcoreclasses.dir\debug\nclcoreclasses.tlog\custombuild.write.1.tlog
c:\users\ishan\source\repos\csc8503 2023\nclcoreclasses\nclcoreclasses.dir\debug\nclcoreclasses.tlog\lib-link.read.1.tlog
c:\users\ishan\source\repos\csc8503 2023\nclcoreclasses\nclcoreclasses.dir\debug\nclcoreclasses.tlog\lib-link.write.1.tlog
c:\users\ishan\source\repos\csc8503 2023\nclcoreclasses\nclcoreclasses.dir\debug\nclcoreclasses.tlog\lib.command.1.tlog
