  cmake_pch.cxx
  Debug.h
  GameObject.h
  GameWorld.h
  RenderObject.h
  Transform.h
  Debug.cpp
  GameObject.cpp
  GameWorld.cpp
  RenderObject.cpp
  Transform.cpp
  AABBVolume.h
  BehaviourAction.h
  BehaviourNode.h
  BehaviourNodeWithChildren.h
  CollisionVolume.h
  Constraint.h
  NavigationMap.h
  NavigationPath.h
  OBBVolume.h
  Ray.h
  SphereVolume.h
  State.h
  StateTransition.h
  callbacks.c
  compress.c
  enet.h
  host.c
  packet.c
  peer.c
  time.h
  正在编译...
  types.h
  utility.h
  BehaviourSelector.h
  BehaviourSelector.cpp
  BehaviourSequence.h
  BehaviourSequence.cpp
  PushdownMachine.h
  PushdownMachine.cpp
  PushdownState.h
  PushdownState.cpp
  StateMachine.h
  StateMachine.cpp
  NavigationGrid.h
  NavigationGrid.cpp
  NavigationMesh.cpp
  NavigationMesh.h
  CapsuleVolume.h
  CapsuleVolume.cpp
  CollisionDetection.h
  CollisionDetection.cpp
  QuadTree.h
  QuadTree.cpp
  GameClient.h
  GameClient.cpp
  GameServer.h
  GameServer.cpp
  NetworkBase.h
  NetworkBase.cpp
  NetworkObject.h
  NetworkObject.cpp
  NetworkState.h
  NetworkState.cpp
  PositionConstraint.cpp
  PositionConstraint.h
  OrientationConstraint.cpp
  OrientationConstraint.h
  PhysicsObject.cpp
  PhysicsObject.h
  PhysicsSystem.cpp
  PhysicsSystem.h
  list.h
  list.c
  protocol.h
  protocol.c
  win32.h
  win32.c
  CSC8503CoreClasses.vcxproj -> D:\CppProject\CSC8503 2023\x64\Release\CSC8503CoreClasses.lib
