C:\Program Files\Microsoft Visual Studio\2022\Community\MSBuild\Microsoft\VC\v170\Microsoft.CppBuild.targets(531,5): warning MSB8028: The intermediate directory (CSC8503CoreClasses.dir\Debug\) contains files shared from another project (CSC8503CoreClasses.vcxproj, CSC8503CoreClasses.vcxproj).  This can lead to incorrect clean and rebuild behavior.
  cmake_pch.cxx
  Debug.h
  GameObject.h
  GameWorld.h
  RenderObject.h
  Transform.h
  Debug.cpp
  GameObject.cpp
  GameWorld.cpp
  RenderObject.cpp
  Transform.cpp
  BehaviourAction.h
  BehaviourNode.h
  BehaviourNodeWithChildren.h
  State.h
  StateTransition.h
  NavigationMap.h
  NavigationPath.h
  AABBVolume.h
  CollisionVolume.h
  OBBVolume.h
  Ray.h
  SphereVolume.h
  Constraint.h
  callbacks.c
  enet.h
  time.h
  types.h
  utility.h
  compress.c
  host.c
  Generating Code...
  Compiling...
  packet.c
  peer.c
  Generating Code...
  BehaviourSelector.h
  BehaviourSelector.cpp
  BehaviourSequence.h
  BehaviourSequence.cpp
  BehaviourParallel.h
  BehaviourParallel.cpp
  PushdownMachine.h
  PushdownMachine.cpp
  PushdownState.h
  PushdownState.cpp
  StateMachine.h
  StateMachine.cpp
  NavigationGrid.h
  NavigationGrid.cpp
  NavigationMesh.cpp
  NavigationMesh.h
  CapsuleVolume.h
  CapsuleVolume.cpp
  CollisionDetection.h
  CollisionDetection.cpp
  QuadTree.h
  QuadTree.cpp
  GameClient.h
  GameClient.cpp
  GameServer.h
  GameServer.cpp
  NetworkBase.h
  NetworkBase.cpp
  NetworkObject.h
  NetworkObject.cpp
  NetworkState.h
  NetworkState.cpp
  PositionConstraint.cpp
  PositionConstraint.h
  OrientationConstraint.cpp
  OrientationConstraint.h
  PhysicsObject.cpp
  PhysicsObject.h
  PhysicsSystem.cpp
  PhysicsSystem.h
  list.h
  list.c
  protocol.h
  protocol.c
  win32.h
  win32.c
  CSC8503CoreClasses.vcxproj -> C:\Users\c3002856\source\repos\CSC8503\CSC8503\x64\Debug\CSC8503CoreClasses.lib
