C:\Program Files\Microsoft Visual Studio\2022\Community\MSBuild\Microsoft\VC\v170\Microsoft.CppBuild.targets(531,5): warning MSB8028: The intermediate directory (CSC8503CoreClasses.dir\Debug\) contains files shared from another project (CSC8503CoreClasses.vcxproj).  This can lead to incorrect clean and rebuild behavior.
  Scanning sources for module dependencies...
  TutorialGame.cpp
C:/Users/c3002856/source/repos/CSC8503 2023 2/CSC8503 2023/CSC8503/../NCLCoreClasses/Vector3.h(37,12): warning C4834: discarding return value of function with 'nodiscard' attribute
C:/Users/c3002856/source/repos/CSC8503 2023 2/CSC8503 2023/CSC8503/../NCLCoreClasses/Vector3.h(38,12): warning C4834: discarding return value of function with 'nodiscard' attribute
C:/Users/c3002856/source/repos/CSC8503 2023 2/CSC8503 2023/CSC8503/../NCLCoreClasses/Vector3.h(39,12): warning C4834: discarding return value of function with 'nodiscard' attribute
C:\Users\c3002856\source\repos\CSC8503 2023 2\CSC8503 2023\CSC8503\TutorialGame.cpp(149,29): warning C4244: '=': conversion from 'float' to 'int', possible loss of data
C:\Users\c3002856\source\repos\CSC8503 2023 2\CSC8503 2023\CSC8503\TutorialGame.cpp(153,29): warning C4244: '=': conversion from 'float' to 'int', possible loss of data
C:\Users\c3002856\source\repos\CSC8503 2023 2\CSC8503 2023\CSC8503\TutorialGame.cpp(841,72): warning C4244: 'argument': conversion from 'int' to 'float', possible loss of data
C:\Users\c3002856\source\repos\CSC8503 2023 2\CSC8503 2023\CSC8503\TutorialGame.cpp(841,45): warning C4244: 'argument': conversion from 'int' to 'float', possible loss of data
C:\Users\c3002856\source\repos\CSC8503 2023 2\CSC8503 2023\CSC8503\TutorialGame.cpp(865,68): warning C4244: 'argument': conversion from 'int' to 'float', possible loss of data
C:\Users\c3002856\source\repos\CSC8503 2023 2\CSC8503 2023\CSC8503\TutorialGame.cpp(865,42): warning C4244: 'argument': conversion from 'int' to 'float', possible loss of data
C:\Users\c3002856\source\repos\CSC8503 2023 2\CSC8503 2023\CSC8503\TutorialGame.cpp(869,66): warning C4244: 'argument': conversion from 'int' to 'float', possible loss of data
C:\Users\c3002856\source\repos\CSC8503 2023 2\CSC8503 2023\CSC8503\TutorialGame.cpp(869,41): warning C4244: 'argument': conversion from 'int' to 'float', possible loss of data
C:\Users\c3002856\source\repos\CSC8503 2023 2\CSC8503 2023\CSC8503\TutorialGame.cpp(873,82): warning C4244: 'argument': conversion from 'int' to 'float', possible loss of data
C:\Users\c3002856\source\repos\CSC8503 2023 2\CSC8503 2023\CSC8503\TutorialGame.cpp(873,63): warning C4244: 'argument': conversion from 'int' to 'float', possible loss of data
C:\Users\c3002856\source\repos\CSC8503 2023 2\CSC8503 2023\CSC8503\TutorialGame.cpp(873,44): warning C4244: 'argument': conversion from 'int' to 'float', possible loss of data
C:\Users\c3002856\source\repos\CSC8503 2023 2\CSC8503 2023\CSC8503\TutorialGame.cpp(877,82): warning C4244: 'argument': conversion from 'int' to 'float', possible loss of data
C:\Users\c3002856\source\repos\CSC8503 2023 2\CSC8503 2023\CSC8503\TutorialGame.cpp(877,63): warning C4244: 'argument': conversion from 'int' to 'float', possible loss of data
C:\Users\c3002856\source\repos\CSC8503 2023 2\CSC8503 2023\CSC8503\TutorialGame.cpp(877,44): warning C4244: 'argument': conversion from 'int' to 'float', possible loss of data
C:\Users\c3002856\source\repos\CSC8503 2023 2\CSC8503 2023\CSC8503\TutorialGame.cpp(881,70): warning C4244: 'argument': conversion from 'int' to 'float', possible loss of data
C:\Users\c3002856\source\repos\CSC8503 2023 2\CSC8503 2023\CSC8503\TutorialGame.cpp(881,44): warning C4244: 'argument': conversion from 'int' to 'float', possible loss of data
C:\Users\c3002856\source\repos\CSC8503 2023 2\CSC8503 2023\CSC8503\TutorialGame.cpp(885,70): warning C4244: 'argument': conversion from 'int' to 'float', possible loss of data
C:\Users\c3002856\source\repos\CSC8503 2023 2\CSC8503 2023\CSC8503\TutorialGame.cpp(885,44): warning C4244: 'argument': conversion from 'int' to 'float', possible loss of data
C:\Users\c3002856\source\repos\CSC8503 2023 2\CSC8503 2023\CSC8503\TutorialGame.cpp(966,20): warning C4305: 'initializing': truncation from 'double' to 'float'
C:\Users\c3002856\source\repos\CSC8503 2023 2\CSC8503 2023\CSC8503\TutorialGame.cpp(968,20): warning C4305: 'initializing': truncation from 'double' to 'float'
C:\Users\c3002856\source\repos\CSC8503 2023 2\CSC8503 2023\CSC8503\TutorialGame.cpp(1101,36): warning C4244: 'argument': conversion from 'int' to 'float', possible loss of data
C:\Users\c3002856\source\repos\CSC8503 2023 2\CSC8503 2023\CSC8503\TutorialGame.cpp(1108,52): warning C4305: 'argument': truncation from 'double' to 'float'
  CSC8503.vcxproj -> C:\Users\c3002856\source\repos\CSC8503 2023 2\CSC8503 2023\x64\Debug\CSC8503.exe
