c:\users\c3012094\source\repos\csc8508\csc8503\cmakefiles\generate.stamp
c:\users\c3012094\source\repos\csc8508\csc8503\cmakefiles\csc8503.dir\debug\cmake_pch.hxx.pch
c:\users\c3012094\source\repos\csc8508\csc8503\csc8503.dir\debug\windowslevelloader.o
c:\users\c3012094\source\repos\csc8508\csc8503\csc8503.dir\debug\applicationstate.o
c:\users\c3012094\source\repos\csc8508\csc8503\csc8503.dir\debug\singleton.o
c:\users\c3012094\source\repos\csc8508\csc8503\csc8503.dir\debug\basetexturemanager.o
c:\users\c3012094\source\repos\csc8508\csc8503\csc8503.dir\debug\menusystem.o
c:\users\c3012094\source\repos\csc8508\csc8503\csc8503.dir\debug\networkplayer.o
c:\users\c3012094\source\repos\csc8508\csc8503\csc8503.dir\debug\networkedgame.o
c:\users\c3012094\source\repos\csc8508\csc8503\csc8503.dir\debug\tutorialgame.o
c:\users\c3012094\source\repos\csc8508\csc8503\csc8503.dir\debug\aistatemachineobject.o
c:\users\c3012094\source\repos\csc8508\csc8503\csc8503.dir\debug\bouncepad.o
c:\users\c3012094\source\repos\csc8508\csc8503\csc8503.dir\debug\gametechagcrenderer.o
c:\users\c3012094\source\repos\csc8508\csc8503\csc8503.dir\debug\gravitywell.o
c:\users\c3012094\source\repos\csc8508\csc8503\csc8503.dir\debug\hole.o
c:\users\c3012094\source\repos\csc8508\csc8503\csc8503.dir\debug\main.o
c:\users\c3012094\source\repos\csc8508\csc8503\csc8503.dir\debug\ps5_game.o
c:\users\c3012094\source\repos\csc8508\csc8503\csc8503.dir\debug\projectile.o
c:\users\c3012094\source\repos\csc8508\csc8503\csc8503.dir\debug\teleporter.o
c:\users\c3012094\source\repos\csc8508\csc8503\csc8503.dir\debug\uiplaystation.o
c:\users\c3012094\source\repos\csc8508\csc8503\debug\csc8503.elf
c:\users\c3012094\source\repos\csc8508\csc8503\csc8503.dir\debug\csc8503.tlog\custombuild.command.1.tlog
c:\users\c3012094\source\repos\csc8508\csc8503\csc8503.dir\debug\csc8503.tlog\custombuild.read.1.tlog
c:\users\c3012094\source\repos\csc8508\csc8503\csc8503.dir\debug\csc8503.tlog\custombuild.write.1.tlog
c:\users\c3012094\source\repos\csc8508\csc8503\csc8503.dir\debug\csc8503.tlog\prospero-clang-cl.command.1.tlog
c:\users\c3012094\source\repos\csc8508\csc8503\csc8503.dir\debug\csc8503.tlog\prospero-clang-cl.read.1.tlog
c:\users\c3012094\source\repos\csc8508\csc8503\csc8503.dir\debug\csc8503.tlog\prospero-clang-cl.write.1.tlog
c:\users\c3012094\source\repos\csc8508\csc8503\csc8503.dir\debug\csc8503.tlog\prospero-lld.command.1.tlog
c:\users\c3012094\source\repos\csc8508\csc8503\csc8503.dir\debug\csc8503.tlog\prospero-lld.read.1.tlog
c:\users\c3012094\source\repos\csc8508\csc8503\csc8503.dir\debug\csc8503.tlog\prospero-lld.write.1.tlog
c:\users\c3012094\source\repos\csc8508\csc8503\csc8503.dir\debug\csc8503.tlog\cmake_pch.hxx.pch.dep
